<?xml version="1.0" encoding="UTF-8"?>
<!-- Generated by org.testng.reporters.JUnitReportReporter -->
<testsuite hostname="nanjje1578" failures="0" tests="1" name="practice.TestClass2" time="0.001" errors="0" timestamp="12 May 2023 12:25:19 GMT" skipped="0">
  <testcase classname="practice.TestClass2" name="test1" time="0.001"/>
</testsuite> <!-- practice.TestClass2 -->
