<?xml version="1.0" encoding="UTF-8"?>
<!-- Generated by org.testng.reporters.JUnitReportReporter -->
<testsuite hostname="nanjje1578" failures="0" tests="1" name="testngImplementation.CreateContactWithMandatoryField" time="11.470" errors="0" timestamp="16 May 2023 13:57:47 GMT" skipped="0">
  <testcase classname="testngImplementation.CreateContactWithMandatoryField" name="createContactTest" time="11.470"/>
</testsuite> <!-- testngImplementation.CreateContactWithMandatoryField -->
