<?xml version="1.0" encoding="UTF-8"?>
<!-- Generated by org.testng.reporters.JUnitReportReporter -->
<testsuite hostname="nanjje1578" failures="0" tests="1" name="testngImplementation.CreateOrganizationWithMandatoryFields" time="16.181" errors="0" timestamp="18 May 2023 12:34:42 GMT" skipped="0">
  <testcase classname="testngImplementation.CreateOrganizationWithMandatoryFields" name="createOrganizationTest" time="16.181"/>
</testsuite> <!-- testngImplementation.CreateOrganizationWithMandatoryFields -->
