<?xml version="1.0" encoding="UTF-8"?>
<!-- Generated by org.testng.reporters.JUnitReportReporter -->
<testsuite hostname="nanjje1578" failures="0" tests="1" name="testngImplementation.ClickAndDeleteLead" time="6.426" errors="0" timestamp="17 May 2023 08:25:03 GMT" skipped="0">
  <testcase classname="testngImplementation.ClickAndDeleteLead" name="clickDeleteLead" time="6.426"/>
</testsuite> <!-- testngImplementation.ClickAndDeleteLead -->
