<?xml version="1.0" encoding="UTF-8"?>
<!-- Generated by org.testng.reporters.JUnitReportReporter -->
<testsuite hostname="nanjje1578" failures="0" tests="3" name="practice.DataProviders" time="0.007" errors="0" timestamp="21 May 2023 10:10:36 GMT" skipped="0">
  <testcase classname="practice.DataProviders" name="ticketBookingTest" time="0.001"/>
  <testcase classname="practice.DataProviders" name="ticketBookingTest" time="0.006"/>
  <testcase classname="practice.DataProviders" name="ticketBookingTest" time="0.000"/>
</testsuite> <!-- practice.DataProviders -->
