<?xml version="1.0" encoding="UTF-8"?>
<!-- Generated by org.testng.reporters.JUnitReportReporter -->
<testsuite hostname="nanjje1578" failures="0" tests="1" name="testngImplementation.CreateContactWithOrganization" time="14.320" errors="0" timestamp="16 May 2023 16:05:24 GMT" skipped="0">
  <testcase classname="testngImplementation.CreateContactWithOrganization" name="createContactWithOrganization" time="14.320"/>
</testsuite> <!-- testngImplementation.CreateContactWithOrganization -->
