<?xml version="1.0" encoding="UTF-8"?>
<!-- Generated by org.testng.reporters.JUnitReportReporter -->
<testsuite hostname="nanjje1578" failures="0" tests="1" name="testngImplementation.CreateOrganizationWithIndustryType" time="13.713" errors="0" timestamp="16 May 2023 15:56:18 GMT" skipped="0">
  <testcase classname="testngImplementation.CreateOrganizationWithIndustryType" name="createOrganizationWithIndustryType" time="13.713"/>
</testsuite> <!-- testngImplementation.CreateOrganizationWithIndustryType -->
