<?xml version="1.0" encoding="UTF-8"?>
<!-- Generated by org.testng.reporters.JUnitReportReporter -->
<testsuite hostname="nanjje1578" failures="0" tests="1" name="testngImplementation.CreateNewEvent" time="13.383" errors="0" timestamp="16 May 2023 16:12:27 GMT" skipped="0">
  <testcase classname="testngImplementation.CreateNewEvent" name="createNewEvent" time="13.383"/>
</testsuite> <!-- testngImplementation.CreateNewEvent -->
